  Source.cpp
C:\Program Files (x86)\Windows Kits\10\Include\10.0.22621.0\shared\minwindef.h(132,9): warning C4005: PASCAL: изменение макроопределения
  (компиляция исходного файла "Source.cpp")
      C:\Program Files (x86)\Windows Kits\10\Include\10.0.22621.0\shared\Lmcons.h(45,9):
      см. предыдущее определение "PASCAL"
  
C:\Users\Sovyshka\source\repos\Project6\Project6\Source.cpp(279,51): warning C4267: аргумент: преобразование из "size_t" в "int"; возможна потеря данных
C:\Users\Sovyshka\source\repos\Project6\Project6\Source.cpp(289,52): warning C4267: аргумент: преобразование из "size_t" в "int"; возможна потеря данных
C:\Users\Sovyshka\source\repos\Project6\Project6\Source.cpp(305,15): warning C4267: инициализация: преобразование из "size_t" в "int"; возможна потеря данных
C:\Users\Sovyshka\source\repos\Project6\Project6\Source.cpp(319,56): warning C4267: аргумент: преобразование из "size_t" в "int"; возможна потеря данных
C:\Users\Sovyshka\source\repos\Project6\Project6\Source.cpp(326,57): warning C4267: аргумент: преобразование из "size_t" в "int"; возможна потеря данных
C:\Users\Sovyshka\source\repos\Project6\Project6\Source.cpp(338,15): warning C4267: инициализация: преобразование из "size_t" в "int"; возможна потеря данных
C:\Program Files\Microsoft Visual Studio\2022\Community\VC\Tools\MSVC\14.43.34808\include\xutility(4829,18): warning C4244: =: преобразование "wchar_t" в "char", возможна потеря данных
  (компиляция исходного файла "Source.cpp")
      C:\Program Files\Microsoft Visual Studio\2022\Community\VC\Tools\MSVC\14.43.34808\include\xutility(4829,18):
      контекст создания экземпляра шаблона (сначала самый старый)
          C:\Users\Sovyshka\source\repos\Project6\Project6\Source.cpp(123,18):
          выполняется компиляция ссылки на экземпляр шаблон функции "std::basic_string<char,std::char_traits<char>,std::allocator<char>>::basic_string<std::_String_iterator<std::_String_val<std::_Simple_types<_Elem>>>,0>(_Iter,_Iter,const _Alloc &)"
          with
          [
              _Elem=wchar_t,
              _Iter=std::_String_iterator<std::_String_val<std::_Simple_types<wchar_t>>>,
              _Alloc=std::allocator<char>
          ]
              C:\Users\Sovyshka\source\repos\Project6\Project6\Source.cpp(123,5):
              см. первую ссылку на std::basic_string<char,std::char_traits<char>,std::allocator<char>>::basic_string "GetUserNameString"
          C:\Program Files\Microsoft Visual Studio\2022\Community\VC\Tools\MSVC\14.43.34808\include\xstring(788,17):
          выполняется компиляция ссылки на экземпляр шаблон функции "void std::basic_string<char,std::char_traits<char>,std::allocator<char>>::_Construct_from_iter<wchar_t*,wchar_t*,_Size_type>(_Iter,const _Sent,_Size)"
          with
          [
              _Size_type=unsigned __int64,
              _Iter=wchar_t *,
              _Sent=wchar_t *,
              _Size=unsigned __int64
          ]
          C:\Program Files\Microsoft Visual Studio\2022\Community\VC\Tools\MSVC\14.43.34808\include\xstring(944,18):
          выполняется компиляция ссылки на экземпляр шаблон функции "_OutIt *std::_Copy_n_unchecked4<wchar_t*,_Size,char*>(_InIt,_SizeTy,_OutIt)"
          with
          [
              _OutIt=char *,
              _Size=unsigned __int64,
              _InIt=wchar_t *,
              _SizeTy=unsigned __int64
          ]
  
  Project6.vcxproj -> C:\Users\Sovyshka\source\repos\Project6\x64\Debug\Project6.exe
